<?xml version="1.0" encoding="UTF-8"?>
<!-- Generated by org.testng.reporters.JUnitXMLReporter -->
<testsuite ignored="0" hostname="DESKTOP-0B39094" failures="1" tests="3" name="dry run sample Test" time="0.085" errors="0" timestamp="2023-05-31T23:08:03 IST">
  <testcase classname="test.frameworktest" name="test1" time="0.026"/>
  <testcase classname="test.frameworktest" name="test2" time="0.004">
    <failure type="java.lang.AssertionError" message="expected [true] but found [false]">
      <![CDATA[java.lang.AssertionError: expected [true] but found [false]
at test.frameworktest.test2(frameworktest.java:27)
at java.base/java.util.ArrayList.forEach(ArrayList.java:1511)
... Removed 31 stack frames]]>
    </failure>
  </testcase> <!-- test2 -->
  <testcase classname="test.frameworktest" name="test3" time="0.002">
    <skipped/>
  </testcase> <!-- test3 -->
</testsuite> <!-- dry run sample Test -->
